Arguments: 
  /usr/bin/node /usr/bin/yarn

PATH: 
  /usr/local/bin:/usr/local/sbin:/usr/bin:/usr/lib/jvm/default/bin:/usr/bin/site_perl:/usr/bin/vendor_perl:/usr/bin/core_perl:/home/elias/.rubies/ruby-2.7.2/bin/:/home/elias/.rubies/jruby-9.2.16.0/bin/

Yarn version: 
  1.22.10

Node version: 
  15.12.0

Platform: 
  linux x64

Trace: 
  SyntaxError: /home/elias/Desktop/iizu.me/package.json: Unexpected token < in JSON at position 310
      at JSON.parse (<anonymous>)
      at /usr/lib/node_modules/yarn/lib/cli.js:1625:59
      at Generator.next (<anonymous>)
      at step (/usr/lib/node_modules/yarn/lib/cli.js:310:30)
      at /usr/lib/node_modules/yarn/lib/cli.js:321:13

npm manifest: 
  {
    "name": "iizu.me",
    "version": "1.0.0",
    "description": "free and open source API for browsing and downloading manga.",
    "main": "server.rb",
    "repository": "git@github.com:songmawa/iizu.me-server.git",
    "author": "Elias Mawa <elias@emawa.io>",
    "license": "GPLv3",
    "private": true,
    "scripts": {
  <<<<<<< HEAD
      "type-check": "tsc --pretty --noEmit",
      "lint": "eslint . --ext ts,tsx,js,json",
      "test": "echo \"Error: no test specified\" && exit 1",
      "watch:main": "nodemon --watch './**/*' -e ts --exec ts-node ./src/server.ts",
      "watch:jobs": "nodemon --watch './**/*' -e ts --exec ts-node ./src/job_server.ts"
    },
    "dependencies": {
      "@koa/cors": "^3.1.0",
      "@koa/router": "^10.0.0",
      "bee-queue": "^1.3.1",
      "cheerio": "^1.0.0-rc.5",
      "joi": "^17.4.0",
      "koa": "^2.13.1",
      "koa-body": "^4.2.0",
      "koa-bodyparser": "^4.3.0",
      "koa-json": "^2.0.2",
      "koa-router": "^10.0.0",
      "koa-session": "^6.1.0",
      "koa-websocket": "^6.0.0",
      "mysql2": "^2.2.5",
      "puppeteer": "^8.0.0",
      "typeorm": "^0.2.31",
      "uid": "^2.0.0"
    },
    "devDependencies": {
      "@types/koa": "^2.13.1",
      "@types/koa-bodyparser": "^4.3.0",
      "@types/koa-json": "^2.0.18",
      "@types/koa-router": "^7.4.1",
      "@types/koa-session": "^5.10.3",
      "@types/koa-websocket": "^5.0.5",
      "@types/koa__cors": "^3.0.2",
      "@types/koa__router": "^8.0.4",
      "@types/node": "^14.14.36",
      "@typescript-eslint/eslint-plugin": "^4.14.2",
      "@typescript-eslint/parser": "^4.14.2",
      "eslint": "^7.19.0",
      "eslint-config-prettier": "^7.2.0",
      "mongodb": "^3.6.5",
      "mysql": "^2.18.1",
      "nodemon": "^2.0.7",
      "ts-node": "^9.1.1",
      "typescript": "^4.2.3"
  =======
      "test": "echo \"Error: no test specified\" && exit 1",
      "watch": "nodemon --watch './**/*' --signal SIGTERM -e rb --exec rake run"
    },
    "devDependencies": {
      "nodemon": "^2.0.7"
  >>>>>>> origin/master
    }
  }

yarn manifest: 
  No manifest

Lockfile: 
  No lockfile
